# JRE version: OpenJDK Runtime Environment Temurin-17.0.7+7 (17.0.7+7) (build 17.0.7+7)
# Java VM: OpenJDK 64-Bit Server VM Temurin-17.0.7+7 (17.0.7+7, mixed mode, sharing, tiered, compressed oops, compressed class ptrs, g1 gc, windows-amd64)
GC Precious Log:
 CPUs: 12 total, 12 available
 Memory: 32670M
 Large Page Support: Disabled
 NUMA Support: Disabled
 Compressed Oops: Enabled (Zero based)
 Heap Region Size: 2M
 Heap Min Capacity: 512M
 Heap Initial Capacity: 512M
 Heap Max Capacity: 4072M
 Pre-touch: Disabled
 Parallel Workers: 10
 Concurrent Workers: 3
 Concurrent Refinement Workers: 10
 Periodic GC: Disabled
 String Deduplication is enabled
Heap:
 garbage-first heap   total 524288K, used 90265K [0x0000000701800000, 0x0000000800000000)
  region size 2048K, 14 young (28672K), 1 survivors (2048K)
 Metaspace       used 87082K, committed 88704K, reserved 1179648K
  class space    used 11817K, committed 12416K, reserved 1048576K
GC Heap History (20 events):
Event: 10081.577 GC heap before
{Heap before GC invocations=141 (full 26):
 garbage-first heap   total 524288K, used 145386K [0x0000000701800000, 0x0000000800000000)
  region size 2048K, 40 young (81920K), 1 survivors (2048K)
 Metaspace       used 86969K, committed 88704K, reserved 1179648K
  class space    used 11816K, committed 12416K, reserved 1048576K
}
Event: 10081.579 GC heap after
{Heap after GC invocations=142 (full 26):
 garbage-first heap   total 524288K, used 65543K [0x0000000701800000, 0x0000000800000000)
  region size 2048K, 1 young (2048K), 1 survivors (2048K)
 Metaspace       used 86969K, committed 88704K, reserved 1179648K
  class space    used 11816K, committed 12416K, reserved 1048576K
}
Event: 10252.246 GC heap before
{Heap before GC invocations=142 (full 26):
 garbage-first heap   total 524288K, used 145415K [0x0000000701800000, 0x0000000800000000)
  region size 2048K, 40 young (81920K), 1 survivors (2048K)
 Metaspace       used 86969K, committed 88704K, reserved 1179648K
  class space    used 11816K, committed 12416K, reserved 1048576K
}
Event: 10252.247 GC heap after
{Heap after GC invocations=143 (full 26):
 garbage-first heap   total 524288K, used 65540K [0x0000000701800000, 0x0000000800000000)
  region size 2048K, 1 young (2048K), 1 survivors (2048K)
 Metaspace       used 86969K, committed 88704K, reserved 1179648K
  class space    used 11816K, committed 12416K, reserved 1048576K
}
Event: 10422.780 GC heap before
{Heap before GC invocations=143 (full 26):
 garbage-first heap   total 524288K, used 145412K [0x0000000701800000, 0x0000000800000000)
  region size 2048K, 40 young (81920K), 1 survivors (2048K)
 Metaspace       used 86969K, committed 88704K, reserved 1179648K
  class space    used 11816K, committed 12416K, reserved 1048576K
}
Event: 10422.782 GC heap after
{Heap after GC invocations=144 (full 26):
 garbage-first heap   total 524288K, used 65560K [0x0000000701800000, 0x0000000800000000)
  region size 2048K, 1 young (2048K), 1 survivors (2048K)
 Metaspace       used 86969K, committed 88704K, reserved 1179648K
  class space    used 11816K, committed 12416K, reserved 1048576K
}
Event: 10593.739 GC heap before
{Heap before GC invocations=144 (full 26):
 garbage-first heap   total 524288K, used 145432K [0x0000000701800000, 0x0000000800000000)
  region size 2048K, 40 young (81920K), 1 survivors (2048K)
 Metaspace       used 86969K, committed 88704K, reserved 1179648K
  class space    used 11816K, committed 12416K, reserved 1048576K
}
Event: 10593.740 GC heap after
{Heap after GC invocations=145 (full 26):
 garbage-first heap   total 524288K, used 65543K [0x0000000701800000, 0x0000000800000000)
  region size 2048K, 1 young (2048K), 1 survivors (2048K)
 Metaspace       used 86969K, committed 88704K, reserved 1179648K
  class space    used 11816K, committed 12416K, reserved 1048576K
}
Event: 10698.355 GC heap before
{Heap before GC invocations=145 (full 26):
 garbage-first heap   total 524288K, used 145415K [0x0000000701800000, 0x0000000800000000)
  region size 2048K, 40 young (81920K), 1 survivors (2048K)
 Metaspace       used 86984K, committed 88704K, reserved 1179648K
  class space    used 11816K, committed 12416K, reserved 1048576K
}
Event: 10698.357 GC heap after
{Heap after GC invocations=146 (full 26):
 garbage-first heap   total 524288K, used 66006K [0x0000000701800000, 0x0000000800000000)
  region size 2048K, 1 young (2048K), 1 survivors (2048K)
 Metaspace       used 86984K, committed 88704K, reserved 1179648K
  class space    used 11816K, committed 12416K, reserved 1048576K
}
Event: 10850.113 GC heap before
{Heap before GC invocations=146 (full 26):
 garbage-first heap   total 524288K, used 137686K [0x0000000701800000, 0x0000000800000000)
  region size 2048K, 37 young (75776K), 1 survivors (2048K)
 Metaspace       used 86984K, committed 88704K, reserved 1179648K
  class space    used 11816K, committed 12416K, reserved 1048576K
}
Event: 10850.147 GC heap after
{Heap after GC invocations=147 (full 27):
 garbage-first heap   total 524288K, used 65218K [0x0000000701800000, 0x0000000800000000)
  region size 2048K, 0 young (0K), 0 survivors (0K)
 Metaspace       used 86984K, committed 88704K, reserved 1179648K
  class space    used 11816K, committed 12416K, reserved 1048576K
}
Event: 10993.065 GC heap before
{Heap before GC invocations=147 (full 27):
 garbage-first heap   total 524288K, used 147138K [0x0000000701800000, 0x0000000800000000)
  region size 2048K, 40 young (81920K), 0 survivors (0K)
 Metaspace       used 86984K, committed 88704K, reserved 1179648K
  class space    used 11816K, committed 12416K, reserved 1048576K
}
Event: 10993.067 GC heap after
{Heap after GC invocations=148 (full 27):
 garbage-first heap   total 524288K, used 65542K [0x0000000701800000, 0x0000000800000000)
  region size 2048K, 1 young (2048K), 1 survivors (2048K)
 Metaspace       used 86984K, committed 88704K, reserved 1179648K
  class space    used 11816K, committed 12416K, reserved 1048576K
}
Event: 11045.472 GC heap before
{Heap before GC invocations=148 (full 27):
 garbage-first heap   total 524288K, used 145414K [0x0000000701800000, 0x0000000800000000)
  region size 2048K, 40 young (81920K), 1 survivors (2048K)
 Metaspace       used 87001K, committed 88704K, reserved 1179648K
  class space    used 11816K, committed 12416K, reserved 1048576K
}
Event: 11045.473 GC heap after
{Heap after GC invocations=149 (full 27):
 garbage-first heap   total 524288K, used 65523K [0x0000000701800000, 0x0000000800000000)
  region size 2048K, 1 young (2048K), 1 survivors (2048K)
 Metaspace       used 87001K, committed 88704K, reserved 1179648K
  class space    used 11816K, committed 12416K, reserved 1048576K
}
Event: 11123.750 GC heap before
{Heap before GC invocations=149 (full 27):
 garbage-first heap   total 524288K, used 145395K [0x0000000701800000, 0x0000000800000000)
  region size 2048K, 40 young (81920K), 1 survivors (2048K)
 Metaspace       used 87014K, committed 88704K, reserved 1179648K
  class space    used 11817K, committed 12416K, reserved 1048576K
}
Event: 11123.751 GC heap after
{Heap after GC invocations=150 (full 27):
 garbage-first heap   total 524288K, used 65540K [0x0000000701800000, 0x0000000800000000)
  region size 2048K, 1 young (2048K), 1 survivors (2048K)
 Metaspace       used 87014K, committed 88704K, reserved 1179648K
  class space    used 11817K, committed 12416K, reserved 1048576K
}
Event: 11200.089 GC heap before
{Heap before GC invocations=150 (full 27):
 garbage-first heap   total 524288K, used 145412K [0x0000000701800000, 0x0000000800000000)
  region size 2048K, 40 young (81920K), 1 survivors (2048K)
 Metaspace       used 87041K, committed 88704K, reserved 1179648K
  class space    used 11817K, committed 12416K, reserved 1048576K
}
Event: 11200.090 GC heap after
{Heap after GC invocations=151 (full 27):
 garbage-first heap   total 524288K, used 65689K [0x0000000701800000, 0x0000000800000000)
  region size 2048K, 1 young (2048K), 1 survivors (2048K)
 Metaspace       used 87041K, committed 88704K, reserved 1179648K
  class space    used 11817K, committed 12416K, reserved 1048576K
}

